<?xml version="1.0" encoding="UTF-8"?>
<!-- Generated by org.testng.reporters.JUnitReportReporter -->
<testsuite hostname="DESKTOP-I7588O0" failures="0" tests="1" name="automation.Class_02" time="0.011" errors="0" timestamp="2024-02-07T20:02:12 IST" skipped="0">
  <testcase classname="automation.Class_02" name="Adderess" time="0.011"/>
  <system-out/>
</testsuite> <!-- automation.Class_02 -->
