<?xml version="1.0" encoding="UTF-8"?>
<!-- Generated by org.testng.reporters.JUnitReportReporter -->
<testsuite hostname="DESKTOP-I7588O0" failures="0" tests="1" name="automation.Class_03" time="0.010" errors="0" timestamp="2024-02-07T20:02:23 IST" skipped="0">
  <testcase classname="automation.Class_03" name="education" time="0.010"/>
  <system-out/>
</testsuite> <!-- automation.Class_03 -->
