<?xml version="1.0" encoding="UTF-8"?>
<!-- Generated by org.testng.reporters.JUnitReportReporter -->
<testsuite hostname="DESKTOP-I7588O0" failures="0" tests="2" name="testng.verification" time="0.010" errors="0" timestamp="2024-02-09T11:46:44 IST" skipped="0">
  <testcase classname="testng.verification" name="password" time="0.008"/>
  <system-out/>
  <testcase classname="testng.verification" name="username" time="0.002"/>
  <system-out/>
</testsuite> <!-- testng.verification -->
