<?xml version="1.0" encoding="UTF-8"?>
<!-- Generated by org.testng.reporters.JUnitReportReporter -->
<testsuite hostname="DESKTOP-I7588O0" failures="0" tests="1" name="automation.Class_01" time="0.031" errors="0" timestamp="2024-02-08T15:53:06 IST" skipped="0">
  <testcase classname="automation.Class_01" name="Name" time="0.031"/>
  <system-out/>
</testsuite> <!-- automation.Class_01 -->
